<?xml version="1.0" encoding="UTF-8"?>
<!-- Generated by org.testng.reporters.JUnitReportReporter -->
<testsuite hostname="Nupen" failures="0" tests="1" name="testcases.IRCTCTestCase" time="60.167" errors="1" timestamp="2024-04-23T23:04:08 CDT" skipped="0">
  <testcase classname="testcases.IRCTCTestCase" name="IRCTCRegistration" time="60.167">
    <error type="java.lang.StackOverflowError">
      <![CDATA[java.lang.StackOverflowError
at java.base/java.util.Formatter.parse(Formatter.java:2737)
at java.base/java.util.Formatter.format(Formatter.java:2671)
at java.base/java.util.Formatter.format(Formatter.java:2625)
at java.base/java.lang.String.format(String.java:4145)
at org.openqa.selenium.SharedCapabilitiesMethods.lambda$abbreviate$6(SharedCapabilitiesMethods.java:107)
at java.base/java.util.stream.ReferencePipeline$3$1.accept(ReferencePipeline.java:197)
at java.base/java.util.stream.SortedOps$SizedRefSortingSink.end(SortedOps.java:357)
at java.base/java.util.stream.AbstractPipeline.copyInto(AbstractPipeline.java:510)
at java.base/java.util.stream.AbstractPipeline.wrapAndCopyInto(AbstractPipeline.java:499)
at java.base/java.util.stream.ReduceOps$ReduceOp.evaluateSequential(ReduceOps.java:921)
at java.base/java.util.stream.AbstractPipeline.evaluate(AbstractPipeline.java:234)
at java.base/java.util.stream.ReferencePipeline.collect(ReferencePipeline.java:682)
at org.openqa.selenium.SharedCapabilitiesMethods.abbreviate(SharedCapabilitiesMethods.java:108)
at org.openqa.selenium.SharedCapabilitiesMethods.lambda$abbreviate$6(SharedCapabilitiesMethods.java:107)
at java.base/java.util.stream.ReferencePipeline$3$1.accept(ReferencePipeline.java:197)
at java.base/java.util.stream.SortedOps$SizedRefSortingSink.end(SortedOps.java:357)
at java.base/java.util.stream.AbstractPipeline.copyInto(AbstractPipeline.java:510)
at java.base/java.util.stream.AbstractPipeline.wrapAndCopyInto(AbstractPipeline.java:499)
at java.base/java.util.stream.ReduceOps$ReduceOp.evaluateSequential(ReduceOps.java:921)
at java.base/java.util.stream.AbstractPipeline.evaluate(AbstractPipeline.java:234)
at java.base/java.util.stream.ReferencePipeline.collect(ReferencePipeline.java:682)
at org.openqa.selenium.SharedCapabilitiesMethods.abbreviate(SharedCapabilitiesMethods.java:108)
at org.openqa.selenium.SharedCapabilitiesMethods.toString(SharedCapabilitiesMethods.java:78)
at org.openqa.selenium.ImmutableCapabilities.toString(ImmutableCapabilities.java:195)
at org.openqa.selenium.remote.RemoteWebDriver.populateWebDriverException(RemoteWebDriver.java:593)
at org.openqa.selenium.remote.RemoteWebDriver.execute(RemoteWebDriver.java:570)
at org.openqa.selenium.remote.RemoteWebDriver.execute(RemoteWebDriver.java:598)
at org.openqa.selenium.remote.RemoteWebDriver.execute(RemoteWebDriver.java:602)
at org.openqa.selenium.remote.RemoteWebDriver.getScreenshotAs(RemoteWebDriver.java:318)
at wrappers.GenericWrappers.takeSnap(GenericWrappers.java:523)
at utils.Reporting.reportStep(Reporting.java:30)
at wrappers.GenericWrappers.takeSnap(GenericWrappers.java:535)
at utils.Reporting.reportStep(Reporting.java:30)
at wrappers.GenericWrappers.takeSnap(GenericWrappers.java:535)
at utils.Reporting.reportStep(Reporting.java:30)
at wrappers.GenericWrappers.takeSnap(GenericWrappers.java:535)
at utils.Reporting.reportStep(Reporting.java:30)
at wrappers.GenericWrappers.takeSnap(GenericWrappers.java:535)
at utils.Reporting.reportStep(Reporting.java:30)
at wrappers.GenericWrappers.takeSnap(GenericWrappers.java:535)
at utils.Reporting.reportStep(Reporting.java:30)
at wrappers.GenericWrappers.takeSnap(GenericWrappers.java:535)
at utils.Reporting.reportStep(Reporting.java:30)
at wrappers.GenericWrappers.takeSnap(GenericWrappers.java:535)
at utils.Reporting.reportStep(Reporting.java:30)
at wrappers.GenericWrappers.takeSnap(GenericWrappers.java:535)
at utils.Reporting.reportStep(Reporting.java:30)
at wrappers.GenericWrappers.takeSnap(GenericWrappers.java:535)
at utils.Reporting.reportStep(Reporting.java:30)
at wrappers.GenericWrappers.takeSnap(GenericWrappers.java:535)
at utils.Reporting.reportStep(Reporting.java:30)
at wrappers.GenericWrappers.takeSnap(GenericWrappers.java:535)
at utils.Reporting.reportStep(Reporting.java:30)
at wrappers.GenericWrappers.takeSnap(GenericWrappers.java:535)
at utils.Reporting.reportStep(Reporting.java:30)
at wrappers.GenericWrappers.takeSnap(GenericWrappers.java:535)
at utils.Reporting.reportStep(Reporting.java:30)
at wrappers.GenericWrappers.takeSnap(GenericWrappers.java:535)
at utils.Reporting.reportStep(Reporting.java:30)
at wrappers.GenericWrappers.takeSnap(GenericWrappers.java:535)
at utils.Reporting.reportStep(Reporting.java:30)
at wrappers.GenericWrappers.takeSnap(GenericWrappers.java:535)
at utils.Reporting.reportStep(Reporting.java:30)
at wrappers.GenericWrappers.takeSnap(GenericWrappers.java:535)
at utils.Reporting.reportStep(Reporting.java:30)
at wrappers.GenericWrappers.takeSnap(GenericWrappers.java:535)
at utils.Reporting.reportStep(Reporting.java:30)
at wrappers.GenericWrappers.takeSnap(GenericWrappers.java:535)
at utils.Reporting.reportStep(Reporting.java:30)
at wrappers.GenericWrappers.takeSnap(GenericWrappers.java:535)
at utils.Reporting.reportStep(Reporting.java:30)
at wrappers.GenericWrappers.takeSnap(GenericWrappers.java:535)
at utils.Reporting.reportStep(Reporting.java:30)
at wrappers.GenericWrappers.takeSnap(GenericWrappers.java:535)
at utils.Reporting.reportStep(Reporting.java:30)
at wrappers.GenericWrappers.takeSnap(GenericWrappers.java:535)
at utils.Reporting.reportStep(Reporting.java:30)
at wrappers.GenericWrappers.takeSnap(GenericWrappers.java:535)
at utils.Reporting.reportStep(Reporting.java:30)
at wrappers.GenericWrappers.takeSnap(GenericWrappers.java:535)
at utils.Reporting.reportStep(Reporting.java:30)
at wrappers.GenericWrappers.takeSnap(GenericWrappers.java:535)
at utils.Reporting.reportStep(Reporting.java:30)
at wrappers.GenericWrappers.takeSnap(GenericWrappers.java:535)
at utils.Reporting.reportStep(Reporting.java:30)
at wrappers.GenericWrappers.takeSnap(GenericWrappers.java:535)
at utils.Reporting.reportStep(Reporting.java:30)
at wrappers.GenericWrappers.takeSnap(GenericWrappers.java:535)
at utils.Reporting.reportStep(Reporting.java:30)
at wrappers.GenericWrappers.takeSnap(GenericWrappers.java:535)
at utils.Reporting.reportStep(Reporting.java:30)
at wrappers.GenericWrappers.takeSnap(GenericWrappers.java:535)
at utils.Reporting.reportStep(Reporting.java:30)
at wrappers.GenericWrappers.takeSnap(GenericWrappers.java:535)
at utils.Reporting.reportStep(Reporting.java:30)
at wrappers.GenericWrappers.takeSnap(GenericWrappers.java:535)
at utils.Reporting.reportStep(Reporting.java:30)
at wrappers.GenericWrappers.takeSnap(GenericWrappers.java:535)
at utils.Reporting.reportStep(Reporting.java:30)
at wrappers.GenericWrappers.takeSnap(GenericWrappers.java:535)
at utils.Reporting.reportStep(Reporting.java:30)
at wrappers.GenericWrappers.takeSnap(GenericWrappers.java:535)
at utils.Reporting.reportStep(Reporting.java:30)
at wrappers.GenericWrappers.takeSnap(GenericWrappers.java:535)
at utils.Reporting.reportStep(Reporting.java:30)
at wrappers.GenericWrappers.takeSnap(GenericWrappers.java:535)
at utils.Reporting.reportStep(Reporting.java:30)
at wrappers.GenericWrappers.takeSnap(GenericWrappers.java:535)
at utils.Reporting.reportStep(Reporting.java:30)
at wrappers.GenericWrappers.takeSnap(GenericWrappers.java:535)
at utils.Reporting.reportStep(Reporting.java:30)
at wrappers.GenericWrappers.takeSnap(GenericWrappers.java:535)
at utils.Reporting.reportStep(Reporting.java:30)
at wrappers.GenericWrappers.takeSnap(GenericWrappers.java:535)
at utils.Reporting.reportStep(Reporting.java:30)
at wrappers.GenericWrappers.takeSnap(GenericWrappers.java:535)
at utils.Reporting.reportStep(Reporting.java:30)
at wrappers.GenericWrappers.takeSnap(GenericWrappers.java:535)
at utils.Reporting.reportStep(Reporting.java:30)
at wrappers.GenericWrappers.takeSnap(GenericWrappers.java:535)
at utils.Reporting.reportStep(Reporting.java:30)
at wrappers.GenericWrappers.takeSnap(GenericWrappers.java:535)
at utils.Reporting.reportStep(Reporting.java:30)
at wrappers.GenericWrappers.takeSnap(GenericWrappers.java:535)
at utils.Reporting.reportStep(Reporting.java:30)
at wrappers.GenericWrappers.takeSnap(GenericWrappers.java:535)
at utils.Reporting.reportStep(Reporting.java:30)
at wrappers.GenericWrappers.takeSnap(GenericWrappers.java:535)
at utils.Reporting.reportStep(Reporting.java:30)
at wrappers.GenericWrappers.takeSnap(GenericWrappers.java:535)
at utils.Reporting.reportStep(Reporting.java:30)
at wrappers.GenericWrappers.takeSnap(GenericWrappers.java:535)
at utils.Reporting.reportStep(Reporting.java:30)
at wrappers.GenericWrappers.takeSnap(GenericWrappers.java:535)
at utils.Reporting.reportStep(Reporting.java:30)
at wrappers.GenericWrappers.takeSnap(GenericWrappers.java:535)
at utils.Reporting.reportStep(Reporting.java:30)
at wrappers.GenericWrappers.takeSnap(GenericWrappers.java:535)
at utils.Reporting.reportStep(Reporting.java:30)
at wrappers.GenericWrappers.takeSnap(GenericWrappers.java:535)
at utils.Reporting.reportStep(Reporting.java:30)
at wrappers.GenericWrappers.takeSnap(GenericWrappers.java:535)
at utils.Reporting.reportStep(Reporting.java:30)
at wrappers.GenericWrappers.takeSnap(GenericWrappers.java:535)
at utils.Reporting.reportStep(Reporting.java:30)
at wrappers.GenericWrappers.takeSnap(GenericWrappers.java:535)
at utils.Reporting.reportStep(Reporting.java:30)
at wrappers.GenericWrappers.takeSnap(GenericWrappers.java:535)
at utils.Reporting.reportStep(Reporting.java:30)
at wrappers.GenericWrappers.takeSnap(GenericWrappers.java:535)
at utils.Reporting.reportStep(Reporting.java:30)
at wrappers.GenericWrappers.takeSnap(GenericWrappers.java:535)
at utils.Reporting.reportStep(Reporting.java:30)
at wrappers.GenericWrappers.takeSnap(GenericWrappers.java:535)
at utils.Reporting.reportStep(Reporting.java:30)
at wrappers.GenericWrappers.takeSnap(GenericWrappers.java:535)
at utils.Reporting.reportStep(Reporting.java:30)
at wrappers.GenericWrappers.takeSnap(GenericWrappers.java:535)
at utils.Reporting.reportStep(Reporting.java:30)
at wrappers.GenericWrappers.takeSnap(GenericWrappers.java:535)
at utils.Reporting.reportStep(Reporting.java:30)
at wrappers.GenericWrappers.takeSnap(GenericWrappers.java:535)
at utils.Reporting.reportStep(Reporting.java:30)
at wrappers.GenericWrappers.takeSnap(GenericWrappers.java:535)
at utils.Reporting.reportStep(Reporting.java:30)
at wrappers.GenericWrappers.takeSnap(GenericWrappers.java:535)
at utils.Reporting.reportStep(Reporting.java:30)
at wrappers.GenericWrappers.takeSnap(GenericWrappers.java:535)
at utils.Reporting.reportStep(Reporting.java:30)
at wrappers.GenericWrappers.takeSnap(GenericWrappers.java:535)
at utils.Reporting.reportStep(Reporting.java:30)
at wrappers.GenericWrappers.takeSnap(GenericWrappers.java:535)
at utils.Reporting.reportStep(Reporting.java:30)
at wrappers.GenericWrappers.takeSnap(GenericWrappers.java:535)
at utils.Reporting.reportStep(Reporting.java:30)
at wrappers.GenericWrappers.takeSnap(GenericWrappers.java:535)
at utils.Reporting.reportStep(Reporting.java:30)
at wrappers.GenericWrappers.takeSnap(GenericWrappers.java:535)
at utils.Reporting.reportStep(Reporting.java:30)
at wrappers.GenericWrappers.takeSnap(GenericWrappers.java:535)
at utils.Reporting.reportStep(Reporting.java:30)
at wrappers.GenericWrappers.takeSnap(GenericWrappers.java:535)
at utils.Reporting.reportStep(Reporting.java:30)
at wrappers.GenericWrappers.takeSnap(GenericWrappers.java:535)
at utils.Reporting.reportStep(Reporting.java:30)
at wrappers.GenericWrappers.takeSnap(GenericWrappers.java:535)
at utils.Reporting.reportStep(Reporting.java:30)
at wrappers.GenericWrappers.takeSnap(GenericWrappers.java:535)
at utils.Reporting.reportStep(Reporting.java:30)
at wrappers.GenericWrappers.takeSnap(GenericWrappers.java:535)
at utils.Reporting.reportStep(Reporting.java:30)
at wrappers.GenericWrappers.takeSnap(GenericWrappers.java:535)
at utils.Reporting.reportStep(Reporting.java:30)
at wrappers.GenericWrappers.takeSnap(GenericWrappers.java:535)
at utils.Reporting.reportStep(Reporting.java:30)
at wrappers.GenericWrappers.takeSnap(GenericWrappers.java:535)
at utils.Reporting.reportStep(Reporting.java:30)
at wrappers.GenericWrappers.takeSnap(GenericWrappers.java:535)
at utils.Reporting.reportStep(Reporting.java:30)
at wrappers.GenericWrappers.takeSnap(GenericWrappers.java:535)
at utils.Reporting.reportStep(Reporting.java:30)
at wrappers.GenericWrappers.takeSnap(GenericWrappers.java:535)
at utils.Reporting.reportStep(Reporting.java:30)
at wrappers.GenericWrappers.takeSnap(GenericWrappers.java:535)
at utils.Reporting.reportStep(Reporting.java:30)
at wrappers.GenericWrappers.takeSnap(GenericWrappers.java:535)
at utils.Reporting.reportStep(Reporting.java:30)
at wrappers.GenericWrappers.takeSnap(GenericWrappers.java:535)
at utils.Reporting.reportStep(Reporting.java:30)
at wrappers.GenericWrappers.takeSnap(GenericWrappers.java:535)
at utils.Reporting.reportStep(Reporting.java:30)
at wrappers.GenericWrappers.takeSnap(GenericWrappers.java:535)
at utils.Reporting.reportStep(Reporting.java:30)
at wrappers.GenericWrappers.takeSnap(GenericWrappers.java:535)
at utils.Reporting.reportStep(Reporting.java:30)
at wrappers.GenericWrappers.takeSnap(GenericWrappers.java:535)
at utils.Reporting.reportStep(Reporting.java:30)
at wrappers.GenericWrappers.takeSnap(GenericWrappers.java:535)
at utils.Reporting.reportStep(Reporting.java:30)
at wrappers.GenericWrappers.takeSnap(GenericWrappers.java:535)
at utils.Reporting.reportStep(Reporting.java:30)
at wrappers.GenericWrappers.takeSnap(GenericWrappers.java:535)
at utils.Reporting.reportStep(Reporting.java:30)
at wrappers.GenericWrappers.takeSnap(GenericWrappers.java:535)
at utils.Reporting.reportStep(Reporting.java:30)
at wrappers.GenericWrappers.takeSnap(GenericWrappers.java:535)
at utils.Reporting.reportStep(Reporting.java:30)
at wrappers.GenericWrappers.takeSnap(GenericWrappers.java:535)
at utils.Reporting.reportStep(Reporting.java:30)
at wrappers.GenericWrappers.takeSnap(GenericWrappers.java:535)
at utils.Reporting.reportStep(Reporting.java:30)
at wrappers.GenericWrappers.takeSnap(GenericWrappers.java:535)
at utils.Reporting.reportStep(Reporting.java:30)
at wrappers.GenericWrappers.takeSnap(GenericWrappers.java:535)
at utils.Reporting.reportStep(Reporting.java:30)
at wrappers.GenericWrappers.takeSnap(GenericWrappers.java:535)
at utils.Reporting.reportStep(Reporting.java:30)
at wrappers.GenericWrappers.takeSnap(GenericWrappers.java:535)
at utils.Reporting.reportStep(Reporting.java:30)
at wrappers.GenericWrappers.takeSnap(GenericWrappers.java:535)
at utils.Reporting.reportStep(Reporting.java:30)
at wrappers.GenericWrappers.takeSnap(GenericWrappers.java:535)
at utils.Reporting.reportStep(Reporting.java:30)
at wrappers.GenericWrappers.takeSnap(GenericWrappers.java:535)
at utils.Reporting.reportStep(Reporting.java:30)
at wrappers.GenericWrappers.takeSnap(GenericWrappers.java:535)
at utils.Reporting.reportStep(Reporting.java:30)
at wrappers.GenericWrappers.takeSnap(GenericWrappers.java:535)
at utils.Reporting.reportStep(Reporting.java:30)
at wrappers.GenericWrappers.takeSnap(GenericWrappers.java:535)
at utils.Reporting.reportStep(Reporting.java:30)
at wrappers.GenericWrappers.takeSnap(GenericWrappers.java:535)
at utils.Reporting.reportStep(Reporting.java:30)
at wrappers.GenericWrappers.takeSnap(GenericWrappers.java:535)
at utils.Reporting.reportStep(Reporting.java:30)
at wrappers.GenericWrappers.takeSnap(GenericWrappers.java:535)
at utils.Reporting.reportStep(Reporting.java:30)
at wrappers.GenericWrappers.takeSnap(GenericWrappers.java:535)
at utils.Reporting.reportStep(Reporting.java:30)
at wrappers.GenericWrappers.takeSnap(GenericWrappers.java:535)
at utils.Reporting.reportStep(Reporting.java:30)
at wrappers.GenericWrappers.takeSnap(GenericWrappers.java:535)
at utils.Reporting.reportStep(Reporting.java:30)
at wrappers.GenericWrappers.takeSnap(GenericWrappers.java:535)
at utils.Reporting.reportStep(Reporting.java:30)
at wrappers.GenericWrappers.takeSnap(GenericWrappers.java:535)
at utils.Reporting.reportStep(Reporting.java:30)
at wrappers.GenericWrappers.takeSnap(GenericWrappers.java:535)
at utils.Reporting.reportStep(Reporting.java:30)
at wrappers.GenericWrappers.takeSnap(GenericWrappers.java:535)
at utils.Reporting.reportStep(Reporting.java:30)
at wrappers.GenericWrappers.takeSnap(GenericWrappers.java:535)
at utils.Reporting.reportStep(Reporting.java:30)
at wrappers.GenericWrappers.takeSnap(GenericWrappers.java:535)
at utils.Reporting.reportStep(Reporting.java:30)
at wrappers.GenericWrappers.takeSnap(GenericWrappers.java:535)
at utils.Reporting.reportStep(Reporting.java:30)
at wrappers.GenericWrappers.takeSnap(GenericWrappers.java:535)
at utils.Reporting.reportStep(Reporting.java:30)
at wrappers.GenericWrappers.takeSnap(GenericWrappers.java:535)
at utils.Reporting.reportStep(Reporting.java:30)
at wrappers.GenericWrappers.takeSnap(GenericWrappers.java:535)
at utils.Reporting.reportStep(Reporting.java:30)
at wrappers.GenericWrappers.takeSnap(GenericWrappers.java:535)
at utils.Reporting.reportStep(Reporting.java:30)
at wrappers.GenericWrappers.takeSnap(GenericWrappers.java:535)
at utils.Reporting.reportStep(Reporting.java:30)
at wrappers.GenericWrappers.takeSnap(GenericWrappers.java:535)
at utils.Reporting.reportStep(Reporting.java:30)
at wrappers.GenericWrappers.takeSnap(GenericWrappers.java:535)
at utils.Reporting.reportStep(Reporting.java:30)
at wrappers.GenericWrappers.takeSnap(GenericWrappers.java:535)
at utils.Reporting.reportStep(Reporting.java:30)
at wrappers.GenericWrappers.takeSnap(GenericWrappers.java:535)
at utils.Reporting.reportStep(Reporting.java:30)
at wrappers.GenericWrappers.takeSnap(GenericWrappers.java:535)
at utils.Reporting.reportStep(Reporting.java:30)
at wrappers.GenericWrappers.takeSnap(GenericWrappers.java:535)
at utils.Reporting.reportStep(Reporting.java:30)
at wrappers.GenericWrappers.takeSnap(GenericWrappers.java:535)
at utils.Reporting.reportStep(Reporting.java:30)
at wrappers.GenericWrappers.takeSnap(GenericWrappers.java:535)
at utils.Reporting.reportStep(Reporting.java:30)
at wrappers.GenericWrappers.takeSnap(GenericWrappers.java:535)
at utils.Reporting.reportStep(Reporting.java:30)
at wrappers.GenericWrappers.takeSnap(GenericWrappers.java:535)
at utils.Reporting.reportStep(Reporting.java:30)
at wrappers.GenericWrappers.takeSnap(GenericWrappers.java:535)
at utils.Reporting.reportStep(Reporting.java:30)
at wrappers.GenericWrappers.takeSnap(GenericWrappers.java:535)
at utils.Reporting.reportStep(Reporting.java:30)
at wrappers.GenericWrappers.takeSnap(GenericWrappers.java:535)
at utils.Reporting.reportStep(Reporting.java:30)
at wrappers.GenericWrappers.takeSnap(GenericWrappers.java:535)
at utils.Reporting.reportStep(Reporting.java:30)
at wrappers.GenericWrappers.takeSnap(GenericWrappers.java:535)
at utils.Reporting.reportStep(Reporting.java:30)
at wrappers.GenericWrappers.takeSnap(GenericWrappers.java:535)
at utils.Reporting.reportStep(Reporting.java:30)
at wrappers.GenericWrappers.takeSnap(GenericWrappers.java:535)
at utils.Reporting.reportStep(Reporting.java:30)
at wrappers.GenericWrappers.takeSnap(GenericWrappers.java:535)
at utils.Reporting.reportStep(Reporting.java:30)
at wrappers.GenericWrappers.takeSnap(GenericWrappers.java:535)
at utils.Reporting.reportStep(Reporting.java:30)
at wrappers.GenericWrappers.takeSnap(GenericWrappers.java:535)
at utils.Reporting.reportStep(Reporting.java:30)
at wrappers.GenericWrappers.takeSnap(GenericWrappers.java:535)
at utils.Reporting.reportStep(Reporting.java:30)
at wrappers.GenericWrappers.takeSnap(GenericWrappers.java:535)
at utils.Reporting.reportStep(Reporting.java:30)
at wrappers.GenericWrappers.takeSnap(GenericWrappers.java:535)
at utils.Reporting.reportStep(Reporting.java:30)
at wrappers.GenericWrappers.takeSnap(GenericWrappers.java:535)
at utils.Reporting.reportStep(Reporting.java:30)
at wrappers.GenericWrappers.takeSnap(GenericWrappers.java:535)
at utils.Reporting.reportStep(Reporting.java:30)
at wrappers.GenericWrappers.takeSnap(GenericWrappers.java:535)
at utils.Reporting.reportStep(Reporting.java:30)
at wrappers.GenericWrappers.takeSnap(GenericWrappers.java:535)
at utils.Reporting.reportStep(Reporting.java:30)
at wrappers.GenericWrappers.takeSnap(GenericWrappers.java:535)
at utils.Reporting.reportStep(Reporting.java:30)
at wrappers.GenericWrappers.takeSnap(GenericWrappers.java:535)
at utils.Reporting.reportStep(Reporting.java:30)
at wrappers.GenericWrappers.takeSnap(GenericWrappers.java:535)
at utils.Reporting.reportStep(Reporting.java:30)
at wrappers.GenericWrappers.takeSnap(GenericWrappers.java:535)
at utils.Reporting.reportStep(Reporting.java:30)
at wrappers.GenericWrappers.takeSnap(GenericWrappers.java:535)
at utils.Reporting.reportStep(Reporting.java:30)
at wrappers.GenericWrappers.takeSnap(GenericWrappers.java:535)
at utils.Reporting.reportStep(Reporting.java:30)
at wrappers.GenericWrappers.takeSnap(GenericWrappers.java:535)
at utils.Reporting.reportStep(Reporting.java:30)
at wrappers.GenericWrappers.takeSnap(GenericWrappers.java:535)
at utils.Reporting.reportStep(Reporting.java:30)
at wrappers.GenericWrappers.takeSnap(GenericWrappers.java:535)
at utils.Reporting.reportStep(Reporting.java:30)
at wrappers.GenericWrappers.takeSnap(GenericWrappers.java:535)
at utils.Reporting.reportStep(Reporting.java:30)
at wrappers.GenericWrappers.takeSnap(GenericWrappers.java:535)
at utils.Reporting.reportStep(Reporting.java:30)
at wrappers.GenericWrappers.takeSnap(GenericWrappers.java:535)
at utils.Reporting.reportStep(Reporting.java:30)
at wrappers.GenericWrappers.takeSnap(GenericWrappers.java:535)
at utils.Reporting.reportStep(Reporting.java:30)
at wrappers.GenericWrappers.takeSnap(GenericWrappers.java:535)
at utils.Reporting.reportStep(Reporting.java:30)
at wrappers.GenericWrappers.takeSnap(GenericWrappers.java:535)
at utils.Reporting.reportStep(Reporting.java:30)
at wrappers.GenericWrappers.takeSnap(GenericWrappers.java:535)
at utils.Reporting.reportStep(Reporting.java:30)
at wrappers.GenericWrappers.takeSnap(GenericWrappers.java:535)
at utils.Reporting.reportStep(Reporting.java:30)
at wrappers.GenericWrappers.takeSnap(GenericWrappers.java:535)
at utils.Reporting.reportStep(Reporting.java:30)
at wrappers.GenericWrappers.takeSnap(GenericWrappers.java:535)
at utils.Reporting.reportStep(Reporting.java:30)
at wrappers.GenericWrappers.takeSnap(GenericWrappers.java:535)
at utils.Reporting.reportStep(Reporting.java:30)
at wrappers.GenericWrappers.takeSnap(GenericWrappers.java:535)
at utils.Reporting.reportStep(Reporting.java:30)
at wrappers.GenericWrappers.takeSnap(GenericWrappers.java:535)
at utils.Reporting.reportStep(Reporting.java:30)
at wrappers.GenericWrappers.takeSnap(GenericWrappers.java:535)
at utils.Reporting.reportStep(Reporting.java:30)
at wrappers.GenericWrappers.takeSnap(GenericWrappers.java:535)
at utils.Reporting.reportStep(Reporting.java:30)
at wrappers.GenericWrappers.takeSnap(GenericWrappers.java:535)
at utils.Reporting.reportStep(Reporting.java:30)
at wrappers.GenericWrappers.takeSnap(GenericWrappers.java:535)
at utils.Reporting.reportStep(Reporting.java:30)
at wrappers.GenericWrappers.takeSnap(GenericWrappers.java:535)
at utils.Reporting.reportStep(Reporting.java:30)
at wrappers.GenericWrappers.takeSnap(GenericWrappers.java:535)
at utils.Reporting.reportStep(Reporting.java:30)
at wrappers.GenericWrappers.takeSnap(GenericWrappers.java:535)
at utils.Reporting.reportStep(Reporting.java:30)
at wrappers.GenericWrappers.takeSnap(GenericWrappers.java:535)
at utils.Reporting.reportStep(Reporting.java:30)
at wrappers.GenericWrappers.takeSnap(GenericWrappers.java:535)
at utils.Reporting.reportStep(Reporting.java:30)
at wrappers.GenericWrappers.takeSnap(GenericWrappers.java:535)
at utils.Reporting.reportStep(Reporting.java:30)
at wrappers.GenericWrappers.takeSnap(GenericWrappers.java:535)
at utils.Reporting.reportStep(Reporting.java:30)
at wrappers.GenericWrappers.takeSnap(GenericWrappers.java:535)
at utils.Reporting.reportStep(Reporting.java:30)
at wrappers.GenericWrappers.takeSnap(GenericWrappers.java:535)
at utils.Reporting.reportStep(Reporting.java:30)
at wrappers.GenericWrappers.takeSnap(GenericWrappers.java:535)
at utils.Reporting.reportStep(Reporting.java:30)
at wrappers.GenericWrappers.takeSnap(GenericWrappers.java:535)
at utils.Reporting.reportStep(Reporting.java:30)
at wrappers.GenericWrappers.takeSnap(GenericWrappers.java:535)
at utils.Reporting.reportStep(Reporting.java:30)
at wrappers.GenericWrappers.takeSnap(GenericWrappers.java:535)
at utils.Reporting.reportStep(Reporting.java:30)
at wrappers.GenericWrappers.takeSnap(GenericWrappers.java:535)
at utils.Reporting.reportStep(Reporting.java:30)
at wrappers.GenericWrappers.takeSnap(GenericWrappers.java:535)
at utils.Reporting.reportStep(Reporting.java:30)
at wrappers.GenericWrappers.takeSnap(GenericWrappers.java:535)
at utils.Reporting.reportStep(Reporting.java:30)
at wrappers.GenericWrappers.takeSnap(GenericWrappers.java:535)
at utils.Reporting.reportStep(Reporting.java:30)
at wrappers.GenericWrappers.takeSnap(GenericWrappers.java:535)
at utils.Reporting.reportStep(Reporting.java:30)
at wrappers.GenericWrappers.takeSnap(GenericWrappers.java:535)
at utils.Reporting.reportStep(Reporting.java:30)
at wrappers.GenericWrappers.takeSnap(GenericWrappers.java:535)
at utils.Reporting.reportStep(Reporting.java:30)
at wrappers.GenericWrappers.takeSnap(GenericWrappers.java:535)
at utils.Reporting.reportStep(Reporting.java:30)
at wrappers.GenericWrappers.takeSnap(GenericWrappers.java:535)
at utils.Reporting.reportStep(Reporting.java:30)
at wrappers.GenericWrappers.takeSnap(GenericWrappers.java:535)
at utils.Reporting.reportStep(Reporting.java:30)
at wrappers.GenericWrappers.takeSnap(GenericWrappers.java:535)
at utils.Reporting.reportStep(Reporting.java:30)
at wrappers.GenericWrappers.takeSnap(GenericWrappers.java:535)
at utils.Reporting.reportStep(Reporting.java:30)
at wrappers.GenericWrappers.takeSnap(GenericWrappers.java:535)
at utils.Reporting.reportStep(Reporting.java:30)
at wrappers.GenericWrappers.takeSnap(GenericWrappers.java:535)
at utils.Reporting.reportStep(Reporting.java:30)
at wrappers.GenericWrappers.takeSnap(GenericWrappers.java:535)
at utils.Reporting.reportStep(Reporting.java:30)
at wrappers.GenericWrappers.takeSnap(GenericWrappers.java:535)
at utils.Reporting.reportStep(Reporting.java:30)
at wrappers.GenericWrappers.takeSnap(GenericWrappers.java:535)
at utils.Reporting.reportStep(Reporting.java:30)
at wrappers.GenericWrappers.takeSnap(GenericWrappers.java:535)
at utils.Reporting.reportStep(Reporting.java:30)
at wrappers.GenericWrappers.takeSnap(GenericWrappers.java:535)
at utils.Reporting.reportStep(Reporting.java:30)
at wrappers.GenericWrappers.takeSnap(GenericWrappers.java:535)
at utils.Reporting.reportStep(Reporting.java:30)
at wrappers.GenericWrappers.takeSnap(GenericWrappers.java:535)
at utils.Reporting.reportStep(Reporting.java:30)
at wrappers.GenericWrappers.takeSnap(GenericWrappers.java:535)
at utils.Reporting.reportStep(Reporting.java:30)
at wrappers.GenericWrappers.takeSnap(GenericWrappers.java:535)
at utils.Reporting.reportStep(Reporting.java:30)
at wrappers.GenericWrappers.takeSnap(GenericWrappers.java:535)
at utils.Reporting.reportStep(Reporting.java:30)
at wrappers.GenericWrappers.takeSnap(GenericWrappers.java:535)
at utils.Reporting.reportStep(Reporting.java:30)
at wrappers.GenericWrappers.takeSnap(GenericWrappers.java:535)
at utils.Reporting.reportStep(Reporting.java:30)
at wrappers.GenericWrappers.takeSnap(GenericWrappers.java:535)
at utils.Reporting.reportStep(Reporting.java:30)
at wrappers.GenericWrappers.takeSnap(GenericWrappers.java:535)
at utils.Reporting.reportStep(Reporting.java:30)
at wrappers.GenericWrappers.takeSnap(GenericWrappers.java:535)
at utils.Reporting.reportStep(Reporting.java:30)
at wrappers.GenericWrappers.takeSnap(GenericWrappers.java:535)
at utils.Reporting.reportStep(Reporting.java:30)
at wrappers.GenericWrappers.takeSnap(GenericWrappers.java:535)
at utils.Reporting.reportStep(Reporting.java:30)
at wrappers.GenericWrappers.takeSnap(GenericWrappers.java:535)
at utils.Reporting.reportStep(Reporting.java:30)
at wrappers.GenericWrappers.takeSnap(GenericWrappers.java:535)
at utils.Reporting.reportStep(Reporting.java:30)
at wrappers.GenericWrappers.takeSnap(GenericWrappers.java:535)
at utils.Reporting.reportStep(Reporting.java:30)
at wrappers.GenericWrappers.takeSnap(GenericWrappers.java:535)
at utils.Reporting.reportStep(Reporting.java:30)
at wrappers.GenericWrappers.takeSnap(GenericWrappers.java:535)
at utils.Reporting.reportStep(Reporting.java:30)
at wrappers.GenericWrappers.takeSnap(GenericWrappers.java:535)
at utils.Reporting.reportStep(Reporting.java:30)
at wrappers.GenericWrappers.takeSnap(GenericWrappers.java:535)
at utils.Reporting.reportStep(Reporting.java:30)
at wrappers.GenericWrappers.takeSnap(GenericWrappers.java:535)
at utils.Reporting.reportStep(Reporting.java:30)
at wrappers.GenericWrappers.takeSnap(GenericWrappers.java:535)
at utils.Reporting.reportStep(Reporting.java:30)
at wrappers.GenericWrappers.takeSnap(GenericWrappers.java:535)
at utils.Reporting.reportStep(Reporting.java:30)
at wrappers.GenericWrappers.takeSnap(GenericWrappers.java:535)
at utils.Reporting.reportStep(Reporting.java:30)
at wrappers.GenericWrappers.takeSnap(GenericWrappers.java:535)
at utils.Reporting.reportStep(Reporting.java:30)
at wrappers.GenericWrappers.takeSnap(GenericWrappers.java:535)
at utils.Reporting.reportStep(Reporting.java:30)
at wrappers.GenericWrappers.takeSnap(GenericWrappers.java:535)
at utils.Reporting.reportStep(Reporting.java:30)
at wrappers.GenericWrappers.takeSnap(GenericWrappers.java:535)
at utils.Reporting.reportStep(Reporting.java:30)
at wrappers.GenericWrappers.takeSnap(GenericWrappers.java:535)
at utils.Reporting.reportStep(Reporting.java:30)
at wrappers.GenericWrappers.takeSnap(GenericWrappers.java:535)
at utils.Reporting.reportStep(Reporting.java:30)
at wrappers.GenericWrappers.takeSnap(GenericWrappers.java:535)
at utils.Reporting.reportStep(Reporting.java:30)
at wrappers.GenericWrappers.takeSnap(GenericWrappers.java:535)
at utils.Reporting.reportStep(Reporting.java:30)
at wrappers.GenericWrappers.takeSnap(GenericWrappers.java:535)
at utils.Reporting.reportStep(Reporting.java:30)
at wrappers.GenericWrappers.takeSnap(GenericWrappers.java:535)
at utils.Reporting.reportStep(Reporting.java:30)
at wrappers.GenericWrappers.takeSnap(GenericWrappers.java:535)
at utils.Reporting.reportStep(Reporting.java:30)
at wrappers.GenericWrappers.takeSnap(GenericWrappers.java:535)
at utils.Reporting.reportStep(Reporting.java:30)
at wrappers.GenericWrappers.takeSnap(GenericWrappers.java:535)
at utils.Reporting.reportStep(Reporting.java:30)
at wrappers.GenericWrappers.takeSnap(GenericWrappers.java:535)
at utils.Reporting.reportStep(Reporting.java:30)
at wrappers.GenericWrappers.takeSnap(GenericWrappers.java:535)
at utils.Reporting.reportStep(Reporting.java:30)
at wrappers.GenericWrappers.takeSnap(GenericWrappers.java:535)
at utils.Reporting.reportStep(Reporting.java:30)
at wrappers.GenericWrappers.takeSnap(GenericWrappers.java:535)
at utils.Reporting.reportStep(Reporting.java:30)
at wrappers.GenericWrappers.takeSnap(GenericWrappers.java:535)
at utils.Reporting.reportStep(Reporting.java:30)
at wrappers.GenericWrappers.takeSnap(GenericWrappers.java:535)
at utils.Reporting.reportStep(Reporting.java:30)
at wrappers.GenericWrappers.takeSnap(GenericWrappers.java:535)
at utils.Reporting.reportStep(Reporting.java:30)
at wrappers.GenericWrappers.takeSnap(GenericWrappers.java:535)
at utils.Reporting.reportStep(Reporting.java:30)
at wrappers.GenericWrappers.takeSnap(GenericWrappers.java:535)
at utils.Reporting.reportStep(Reporting.java:30)
at wrappers.GenericWrappers.takeSnap(GenericWrappers.java:535)
at utils.Reporting.reportStep(Reporting.java:30)
at wrappers.GenericWrappers.takeSnap(GenericWrappers.java:535)
at utils.Reporting.reportStep(Reporting.java:30)
at wrappers.GenericWrappers.takeSnap(GenericWrappers.java:535)
at utils.Reporting.reportStep(Reporting.java:30)
at wrappers.GenericWrappers.takeSnap(GenericWrappers.java:535)
at utils.Reporting.reportStep(Reporting.java:30)
at wrappers.GenericWrappers.takeSnap(GenericWrappers.java:535)
at utils.Reporting.reportStep(Reporting.java:30)
at wrappers.GenericWrappers.takeSnap(GenericWrappers.java:535)
at utils.Reporting.reportStep(Reporting.java:30)
at wrappers.GenericWrappers.takeSnap(GenericWrappers.java:535)
at utils.Reporting.reportStep(Reporting.java:30)
at wrappers.GenericWrappers.takeSnap(GenericWrappers.java:535)
at utils.Reporting.reportStep(Reporting.java:30)
at wrappers.GenericWrappers.takeSnap(GenericWrappers.java:535)
at utils.Reporting.reportStep(Reporting.java:30)
at wrappers.GenericWrappers.takeSnap(GenericWrappers.java:535)
at utils.Reporting.reportStep(Reporting.java:30)
at wrappers.GenericWrappers.takeSnap(GenericWrappers.java:535)
at utils.Reporting.reportStep(Reporting.java:30)
at wrappers.GenericWrappers.takeSnap(GenericWrappers.java:535)
at utils.Reporting.reportStep(Reporting.java:30)
at wrappers.GenericWrappers.takeSnap(GenericWrappers.java:535)
at utils.Reporting.reportStep(Reporting.java:30)
at wrappers.GenericWrappers.takeSnap(GenericWrappers.java:535)
at utils.Reporting.reportStep(Reporting.java:30)
at wrappers.GenericWrappers.takeSnap(GenericWrappers.java:535)
at utils.Reporting.reportStep(Reporting.java:30)
at wrappers.GenericWrappers.takeSnap(GenericWrappers.java:535)
at utils.Reporting.reportStep(Reporting.java:30)
at wrappers.GenericWrappers.takeSnap(GenericWrappers.java:535)
at utils.Reporting.reportStep(Reporting.java:30)
at wrappers.GenericWrappers.takeSnap(GenericWrappers.java:535)
at utils.Reporting.reportStep(Reporting.java:30)
at wrappers.GenericWrappers.takeSnap(GenericWrappers.java:535)
at utils.Reporting.reportStep(Reporting.java:30)
at wrappers.GenericWrappers.takeSnap(GenericWrappers.java:535)
at utils.Reporting.reportStep(Reporting.java:30)
at wrappers.GenericWrappers.takeSnap(GenericWrappers.java:535)
at utils.Reporting.reportStep(Reporting.java:30)
at wrappers.GenericWrappers.takeSnap(GenericWrappers.java:535)
at utils.Reporting.reportStep(Reporting.java:30)
at wrappers.GenericWrappers.takeSnap(GenericWrappers.java:535)
at utils.Reporting.reportStep(Reporting.java:30)
at wrappers.GenericWrappers.takeSnap(GenericWrappers.java:535)
at utils.Reporting.reportStep(Reporting.java:30)
at wrappers.GenericWrappers.takeSnap(GenericWrappers.java:535)
at utils.Reporting.reportStep(Reporting.java:30)
at wrappers.GenericWrappers.takeSnap(GenericWrappers.java:535)
at utils.Reporting.reportStep(Reporting.java:30)
at wrappers.GenericWrappers.takeSnap(GenericWrappers.java:535)
at utils.Reporting.reportStep(Reporting.java:30)
at wrappers.GenericWrappers.takeSnap(GenericWrappers.java:535)
at utils.Reporting.reportStep(Reporting.java:30)
at wrappers.GenericWrappers.takeSnap(GenericWrappers.java:535)
at utils.Reporting.reportStep(Reporting.java:30)
at wrappers.GenericWrappers.takeSnap(GenericWrappers.java:535)
at utils.Reporting.reportStep(Reporting.java:30)
at wrappers.GenericWrappers.takeSnap(GenericWrappers.java:535)
at utils.Reporting.reportStep(Reporting.java:30)
at wrappers.GenericWrappers.takeSnap(GenericWrappers.java:535)
at utils.Reporting.reportStep(Reporting.java:30)
at wrappers.GenericWrappers.takeSnap(GenericWrappers.java:535)
at utils.Reporting.reportStep(Reporting.java:30)
at wrappers.GenericWrappers.takeSnap(GenericWrappers.java:535)
at utils.Reporting.reportStep(Reporting.java:30)
at wrappers.GenericWrappers.takeSnap(GenericWrappers.java:535)
at utils.Reporting.reportStep(Reporting.java:30)
at wrappers.GenericWrappers.takeSnap(GenericWrappers.java:535)
at utils.Reporting.reportStep(Reporting.java:30)
at wrappers.GenericWrappers.takeSnap(GenericWrappers.java:535)
at utils.Reporting.reportStep(Reporting.java:30)
at wrappers.GenericWrappers.takeSnap(GenericWrappers.java:535)
at utils.Reporting.reportStep(Reporting.java:30)
at wrappers.GenericWrappers.takeSnap(GenericWrappers.java:535)
at utils.Reporting.reportStep(Reporting.java:30)
at wrappers.GenericWrappers.takeSnap(GenericWrappers.java:535)
at utils.Reporting.reportStep(Reporting.java:30)
at wrappers.GenericWrappers.takeSnap(GenericWrappers.java:535)
at utils.Reporting.reportStep(Reporting.java:30)
at wrappers.GenericWrappers.takeSnap(GenericWrappers.java:535)
at utils.Reporting.reportStep(Reporting.java:30)
at wrappers.GenericWrappers.takeSnap(GenericWrappers.java:535)
at utils.Reporting.reportStep(Reporting.java:30)
at wrappers.GenericWrappers.takeSnap(GenericWrappers.java:535)
at utils.Reporting.reportStep(Reporting.java:30)
at wrappers.GenericWrappers.takeSnap(GenericWrappers.java:535)
at utils.Reporting.reportStep(Reporting.java:30)
at wrappers.GenericWrappers.takeSnap(GenericWrappers.java:535)
at utils.Reporting.reportStep(Reporting.java:30)
at wrappers.GenericWrappers.takeSnap(GenericWrappers.java:535)
at utils.Reporting.reportStep(Reporting.java:30)
at wrappers.GenericWrappers.takeSnap(GenericWrappers.java:535)
at utils.Reporting.reportStep(Reporting.java:30)
at wrappers.GenericWrappers.takeSnap(GenericWrappers.java:535)
at utils.Reporting.reportStep(Reporting.java:30)
at wrappers.GenericWrappers.takeSnap(GenericWrappers.java:535)
at utils.Reporting.reportStep(Reporting.java:30)
at wrappers.GenericWrappers.takeSnap(GenericWrappers.java:535)
at utils.Reporting.reportStep(Reporting.java:30)
at wrappers.GenericWrappers.takeSnap(GenericWrappers.java:535)
at utils.Reporting.reportStep(Reporting.java:30)
at wrappers.GenericWrappers.takeSnap(GenericWrappers.java:535)
at utils.Reporting.reportStep(Reporting.java:30)
at wrappers.GenericWrappers.takeSnap(GenericWrappers.java:535)
at utils.Reporting.reportStep(Reporting.java:30)
at wrappers.GenericWrappers.takeSnap(GenericWrappers.java:535)
at utils.Reporting.reportStep(Reporting.java:30)
at wrappers.GenericWrappers.takeSnap(GenericWrappers.java:535)
at utils.Reporting.reportStep(Reporting.java:30)
at wrappers.GenericWrappers.takeSnap(GenericWrappers.java:535)
at utils.Reporting.reportStep(Reporting.java:30)
at wrappers.GenericWrappers.takeSnap(GenericWrappers.java:535)
at utils.Reporting.reportStep(Reporting.java:30)
at wrappers.GenericWrappers.takeSnap(GenericWrappers.java:535)
at utils.Reporting.reportStep(Reporting.java:30)
at wrappers.GenericWrappers.takeSnap(GenericWrappers.java:535)
at utils.Reporting.reportStep(Reporting.java:30)
at wrappers.GenericWrappers.takeSnap(GenericWrappers.java:535)
at utils.Reporting.reportStep(Reporting.java:30)
at wrappers.GenericWrappers.takeSnap(GenericWrappers.java:535)
at utils.Reporting.reportStep(Reporting.java:30)
at wrappers.GenericWrappers.takeSnap(GenericWrappers.java:535)
at utils.Reporting.reportStep(Reporting.java:30)
at wrappers.GenericWrappers.takeSnap(GenericWrappers.java:535)
at utils.Reporting.reportStep(Reporting.java:30)
at wrappers.GenericWrappers.takeSnap(GenericWrappers.java:535)
at utils.Reporting.reportStep(Reporting.java:30)
at wrappers.GenericWrappers.takeSnap(GenericWrappers.java:535)
at utils.Reporting.reportStep(Reporting.java:30)
at wrappers.GenericWrappers.takeSnap(GenericWrappers.java:535)
at utils.Reporting.reportStep(Reporting.java:30)
at wrappers.GenericWrappers.takeSnap(GenericWrappers.java:535)
at utils.Reporting.reportStep(Reporting.java:30)
at wrappers.GenericWrappers.takeSnap(GenericWrappers.java:535)
at utils.Reporting.reportStep(Reporting.java:30)
at wrappers.GenericWrappers.takeSnap(GenericWrappers.java:535)
at utils.Reporting.reportStep(Reporting.java:30)
at wrappers.GenericWrappers.takeSnap(GenericWrappers.java:535)
at utils.Reporting.reportStep(Reporting.java:30)
at wrappers.GenericWrappers.takeSnap(GenericWrappers.java:535)
at utils.Reporting.reportStep(Reporting.java:30)
at wrappers.GenericWrappers.takeSnap(GenericWrappers.java:535)
at utils.Reporting.reportStep(Reporting.java:30)
at wrappers.GenericWrappers.takeSnap(GenericWrappers.java:535)
at utils.Reporting.reportStep(Reporting.java:30)
at wrappers.GenericWrappers.takeSnap(GenericWrappers.java:535)
at utils.Reporting.reportStep(Reporting.java:30)
at wrappers.GenericWrappers.takeSnap(GenericWrappers.java:535)
at utils.Reporting.reportStep(Reporting.java:30)
at wrappers.GenericWrappers.takeSnap(GenericWrappers.java:535)
at utils.Reporting.reportStep(Reporting.java:30)
at wrappers.GenericWrappers.takeSnap(GenericWrappers.java:535)
at utils.Reporting.reportStep(Reporting.java:30)
at wrappers.GenericWrappers.takeSnap(GenericWrappers.java:535)
at utils.Reporting.reportStep(Reporting.java:30)
at wrappers.GenericWrappers.takeSnap(GenericWrappers.java:535)
at utils.Reporting.reportStep(Reporting.java:30)
at wrappers.GenericWrappers.takeSnap(GenericWrappers.java:535)
at utils.Reporting.reportStep(Reporting.java:30)
at wrappers.GenericWrappers.takeSnap(GenericWrappers.java:535)
at utils.Reporting.reportStep(Reporting.java:30)
at wrappers.GenericWrappers.takeSnap(GenericWrappers.java:535)
at utils.Reporting.reportStep(Reporting.java:30)
at wrappers.GenericWrappers.takeSnap(GenericWrappers.java:535)
at utils.Reporting.reportStep(Reporting.java:30)
at wrappers.GenericWrappers.takeSnap(GenericWrappers.java:535)
at utils.Reporting.reportStep(Reporting.java:30)
at wrappers.GenericWrappers.takeSnap(GenericWrappers.java:535)
at utils.Reporting.reportStep(Reporting.java:30)
at wrappers.GenericWrappers.takeSnap(GenericWrappers.java:535)
at utils.Reporting.reportStep(Reporting.java:30)
at wrappers.GenericWrappers.takeSnap(GenericWrappers.java:535)
at utils.Reporting.reportStep(Reporting.java:30)
at wrappers.GenericWrappers.takeSnap(GenericWrappers.java:535)
at utils.Reporting.reportStep(Reporting.java:30)
at wrappers.GenericWrappers.takeSnap(GenericWrappers.java:535)
at utils.Reporting.reportStep(Reporting.java:30)
at wrappers.GenericWrappers.takeSnap(GenericWrappers.java:535)
at utils.Reporting.reportStep(Reporting.java:30)
at wrappers.GenericWrappers.takeSnap(GenericWrappers.java:535)
at utils.Reporting.reportStep(Reporting.java:30)
at wrappers.GenericWrappers.takeSnap(GenericWrappers.java:535)
at utils.Reporting.reportStep(Reporting.java:30)
at wrappers.GenericWrappers.takeSnap(GenericWrappers.java:535)
at utils.Reporting.reportStep(Reporting.java:30)
at wrappers.GenericWrappers.takeSnap(GenericWrappers.java:535)
at utils.Reporting.reportStep(Reporting.java:30)
at wrappers.GenericWrappers.takeSnap(GenericWrappers.java:535)
at utils.Reporting.reportStep(Reporting.java:30)
at wrappers.GenericWrappers.takeSnap(GenericWrappers.java:535)
at utils.Reporting.reportStep(Reporting.java:30)
at wrappers.GenericWrappers.takeSnap(GenericWrappers.java:535)
at utils.Reporting.reportStep(Reporting.java:30)
at wrappers.GenericWrappers.takeSnap(GenericWrappers.java:535)
at utils.Reporting.reportStep(Reporting.java:30)
at wrappers.GenericWrappers.takeSnap(GenericWrappers.java:535)
at utils.Reporting.reportStep(Reporting.java:30)
at wrappers.GenericWrappers.takeSnap(GenericWrappers.java:535)
at utils.Reporting.reportStep(Reporting.java:30)
at wrappers.GenericWrappers.takeSnap(GenericWrappers.java:535)
at utils.Reporting.reportStep(Reporting.java:30)
at wrappers.GenericWrappers.takeSnap(GenericWrappers.java:535)
at utils.Reporting.reportStep(Reporting.java:30)
at wrappers.GenericWrappers.takeSnap(GenericWrappers.java:535)
at utils.Reporting.reportStep(Reporting.java:30)
at wrappers.GenericWrappers.takeSnap(GenericWrappers.java:535)
at utils.Reporting.reportStep(Reporting.java:30)
at wrappers.GenericWrappers.takeSnap(GenericWrappers.java:535)
at utils.Reporting.reportStep(Reporting.java:30)
at wrappers.GenericWrappers.takeSnap(GenericWrappers.java:535)
at utils.Reporting.reportStep(Reporting.java:30)
at wrappers.GenericWrappers.takeSnap(GenericWrappers.java:535)
at utils.Reporting.reportStep(Reporting.java:30)
at wrappers.GenericWrappers.takeSnap(GenericWrappers.java:535)
at utils.Reporting.reportStep(Reporting.java:30)
at wrappers.GenericWrappers.takeSnap(GenericWrappers.java:535)
at utils.Reporting.reportStep(Reporting.java:30)
at wrappers.GenericWrappers.takeSnap(GenericWrappers.java:535)
at utils.Reporting.reportStep(Reporting.java:30)
at wrappers.GenericWrappers.takeSnap(GenericWrappers.java:535)
at utils.Reporting.reportStep(Reporting.java:30)
at wrappers.GenericWrappers.takeSnap(GenericWrappers.java:535)
at utils.Reporting.reportStep(Reporting.java:30)
at wrappers.GenericWrappers.takeSnap(GenericWrappers.java:535)
at utils.Reporting.reportStep(Reporting.java:30)
at wrappers.GenericWrappers.takeSnap(GenericWrappers.java:535)
at utils.Reporting.reportStep(Reporting.java:30)
at wrappers.GenericWrappers.takeSnap(GenericWrappers.java:535)
at utils.Reporting.reportStep(Reporting.java:30)
at wrappers.GenericWrappers.takeSnap(GenericWrappers.java:535)
at utils.Reporting.reportStep(Reporting.java:30)
at wrappers.GenericWrappers.takeSnap(GenericWrappers.java:535)
at utils.Reporting.reportStep(Reporting.java:30)
at wrappers.GenericWrappers.takeSnap(GenericWrappers.java:535)
at utils.Reporting.reportStep(Reporting.java:30)
at wrappers.GenericWrappers.takeSnap(GenericWrappers.java:535)
at utils.Reporting.reportStep(Reporting.java:30)
at wrappers.GenericWrappers.takeSnap(GenericWrappers.java:535)
at utils.Reporting.reportStep(Reporting.java:30)
at wrappers.GenericWrappers.takeSnap(GenericWrappers.java:535)
at utils.Reporting.reportStep(Reporting.java:30)
at wrappers.GenericWrappers.takeSnap(GenericWrappers.java:535)
at utils.Reporting.reportStep(Reporting.java:30)
at wrappers.GenericWrappers.takeSnap(GenericWrappers.java:535)
at utils.Reporting.reportStep(Reporting.java:30)
at wrappers.GenericWrappers.takeSnap(GenericWrappers.java:535)
at utils.Reporting.reportStep(Reporting.java:30)
at wrappers.GenericWrappers.takeSnap(GenericWrappers.java:535)
at utils.Reporting.reportStep(Reporting.java:30)
at wrappers.GenericWrappers.takeSnap(GenericWrappers.java:535)
at utils.Reporting.reportStep(Reporting.java:30)
at wrappers.GenericWrappers.takeSnap(GenericWrappers.java:535)
at utils.Reporting.reportStep(Reporting.java:30)
at wrappers.GenericWrappers.takeSnap(GenericWrappers.java:535)
at utils.Reporting.reportStep(Reporting.java:30)
at wrappers.GenericWrappers.takeSnap(GenericWrappers.java:535)
at utils.Reporting.reportStep(Reporting.java:30)
at wrappers.GenericWrappers.takeSnap(GenericWrappers.java:535)
at utils.Reporting.reportStep(Reporting.java:30)
at wrappers.GenericWrappers.takeSnap(GenericWrappers.java:535)
at utils.Reporting.reportStep(Reporting.java:30)
at wrappers.GenericWrappers.takeSnap(GenericWrappers.java:535)
at utils.Reporting.reportStep(Reporting.java:30)
at wrappers.GenericWrappers.takeSnap(GenericWrappers.java:535)
at utils.Reporting.reportStep(Reporting.java:30)
at wrappers.GenericWrappers.takeSnap(GenericWrappers.java:535)
at utils.Reporting.reportStep(Reporting.java:30)
at wrappers.GenericWrappers.takeSnap(GenericWrappers.java:535)
at utils.Reporting.reportStep(Reporting.java:30)
at wrappers.GenericWrappers.takeSnap(GenericWrappers.java:535)
at utils.Reporting.reportStep(Reporting.java:30)
at wrappers.GenericWrappers.takeSnap(GenericWrappers.java:535)
at utils.Reporting.reportStep(Reporting.java:30)
at wrappers.GenericWrappers.takeSnap(GenericWrappers.java:535)
at utils.Reporting.reportStep(Reporting.java:30)
at wrappers.GenericWrappers.takeSnap(GenericWrappers.java:535)
at utils.Reporting.reportStep(Reporting.java:30)
at wrappers.GenericWrappers.takeSnap(GenericWrappers.java:535)
at utils.Reporting.reportStep(Reporting.java:30)
at wrappers.GenericWrappers.takeSnap(GenericWrappers.java:535)
at utils.Reporting.reportStep(Reporting.java:30)
at wrappers.GenericWrappers.takeSnap(GenericWrappers.java:535)
at utils.Reporting.reportStep(Reporting.java:30)
at wrappers.GenericWrappers.takeSnap(GenericWrappers.java:535)
at utils.Reporting.reportStep(Reporting.java:30)
at wrappers.GenericWrappers.takeSnap(GenericWrappers.java:535)
at utils.Reporting.reportStep(Reporting.java:30)
at wrappers.GenericWrappers.takeSnap(GenericWrappers.java:535)
at utils.Reporting.reportStep(Reporting.java:30)
at wrappers.GenericWrappers.takeSnap(GenericWrappers.java:535)
at utils.Reporting.reportStep(Reporting.java:30)
at wrappers.GenericWrappers.takeSnap(GenericWrappers.java:535)
at utils.Reporting.reportStep(Reporting.java:30)
at wrappers.GenericWrappers.takeSnap(GenericWrappers.java:535)
at utils.Reporting.reportStep(Reporting.java:30)
at wrappers.GenericWrappers.takeSnap(GenericWrappers.java:535)
at utils.Reporting.reportStep(Reporting.java:30)
at wrappers.GenericWrappers.takeSnap(GenericWrappers.java:535)
at utils.Reporting.reportStep(Reporting.java:30)
at wrappers.GenericWrappers.takeSnap(GenericWrappers.java:535)
at utils.Reporting.reportStep(Reporting.java:30)
at wrappers.GenericWrappers.takeSnap(GenericWrappers.java:535)
at utils.Reporting.reportStep(Reporting.java:30)
at wrappers.GenericWrappers.takeSnap(GenericWrappers.java:535)
at utils.Reporting.reportStep(Reporting.java:30)
at wrappers.GenericWrappers.takeSnap(GenericWrappers.java:535)
at utils.Reporting.reportStep(Reporting.java:30)
at wrappers.GenericWrappers.takeSnap(GenericWrappers.java:535)
at utils.Reporting.reportStep(Reporting.java:30)
at wrappers.GenericWrappers.takeSnap(GenericWrappers.java:535)
at utils.Reporting.reportStep(Reporting.java:30)
at wrappers.GenericWrappers.takeSnap(GenericWrappers.java:535)
at utils.Reporting.reportStep(Reporting.java:30)
at wrappers.GenericWrappers.takeSnap(GenericWrappers.java:535)
at utils.Reporting.reportStep(Reporting.java:30)
at wrappers.GenericWrappers.takeSnap(GenericWrappers.java:535)
at utils.Reporting.reportStep(Reporting.java:30)
at wrappers.GenericWrappers.takeSnap(GenericWrappers.java:535)
at utils.Reporting.reportStep(Reporting.java:30)
at wrappers.GenericWrappers.takeSnap(GenericWrappers.java:535)
at utils.Reporting.reportStep(Reporting.java:30)
at wrappers.GenericWrappers.takeSnap(GenericWrappers.java:535)
at utils.Reporting.reportStep(Reporting.java:30)
at wrappers.GenericWrappers.takeSnap(GenericWrappers.java:535)
at utils.Reporting.reportStep(Reporting.java:30)
at wrappers.GenericWrappers.takeSnap(GenericWrappers.java:535)
at utils.Reporting.reportStep(Reporting.java:30)
at wrappers.GenericWrappers.takeSnap(GenericWrappers.java:535)
at utils.Reporting.reportStep(Reporting.java:30)
at wrappers.GenericWrappers.takeSnap(GenericWrappers.java:535)
at utils.Reporting.reportStep(Reporting.java:30)
at wrappers.GenericWrappers.takeSnap(GenericWrappers.java:535)
at utils.Reporting.reportStep(Reporting.java:30)
at wrappers.GenericWrappers.takeSnap(GenericWrappers.java:535)
at utils.Reporting.reportStep(Reporting.java:30)
at wrappers.GenericWrappers.takeSnap(GenericWrappers.java:535)
at utils.Reporting.reportStep(Reporting.java:30)
at wrappers.GenericWrappers.takeSnap(GenericWrappers.java:535)
at utils.Reporting.reportStep(Reporting.java:30)
at wrappers.GenericWrappers.takeSnap(GenericWrappers.java:535)
at utils.Reporting.reportStep(Reporting.java:30)
at wrappers.GenericWrappers.takeSnap(GenericWrappers.java:535)
at utils.Reporting.reportStep(Reporting.java:30)
at wrappers.GenericWrappers.takeSnap(GenericWrappers.java:535)
at utils.Reporting.reportStep(Reporting.java:30)
at wrappers.GenericWrappers.takeSnap(GenericWrappers.java:535)
at utils.Reporting.reportStep(Reporting.java:30)
at wrappers.GenericWrappers.takeSnap(GenericWrappers.java:535)
at utils.Reporting.reportStep(Reporting.java:30)
at wrappers.GenericWrappers.takeSnap(GenericWrappers.java:535)
at utils.Reporting.reportStep(Reporting.java:30)
at wrappers.GenericWrappers.takeSnap(GenericWrappers.java:535)
at utils.Reporting.reportStep(Reporting.java:30)
at wrappers.GenericWrappers.takeSnap(GenericWrappers.java:535)
at utils.Reporting.reportStep(Reporting.java:30)
at wrappers.GenericWrappers.takeSnap(GenericWrappers.java:535)
at utils.Reporting.reportStep(Reporting.java:30)
at wrappers.GenericWrappers.takeSnap(GenericWrappers.java:535)
at utils.Reporting.reportStep(Reporting.java:30)
at wrappers.GenericWrappers.takeSnap(GenericWrappers.java:535)
at utils.Reporting.reportStep(Reporting.java:30)
at wrappers.GenericWrappers.takeSnap(GenericWrappers.java:535)
at utils.Reporting.reportStep(Reporting.java:30)
at wrappers.GenericWrappers.takeSnap(GenericWrappers.java:535)
at utils.Reporting.reportStep(Reporting.java:30)
at wrappers.GenericWrappers.takeSnap(GenericWrappers.java:535)
at utils.Reporting.reportStep(Reporting.java:30)
at wrappers.GenericWrappers.takeSnap(GenericWrappers.java:535)
at utils.Reporting.reportStep(Reporting.java:30)
at wrappers.GenericWrappers.takeSnap(GenericWrappers.java:535)
at utils.Reporting.reportStep(Reporting.java:30)
at wrappers.GenericWrappers.takeSnap(GenericWrappers.java:535)
at utils.Reporting.reportStep(Reporting.java:30)
at wrappers.GenericWrappers.takeSnap(GenericWrappers.java:535)
at utils.Reporting.reportStep(Reporting.java:30)
at wrappers.GenericWrappers.takeSnap(GenericWrappers.java:535)
at utils.Reporting.reportStep(Reporting.java:30)
at wrappers.GenericWrappers.takeSnap(GenericWrappers.java:535)
at utils.Reporting.reportStep(Reporting.java:30)
at wrappers.GenericWrappers.takeSnap(GenericWrappers.java:535)
at utils.Reporting.reportStep(Reporting.java:30)
at wrappers.GenericWrappers.takeSnap(GenericWrappers.java:535)
at utils.Reporting.reportStep(Reporting.java:30)
at wrappers.GenericWrappers.takeSnap(GenericWrappers.java:535)
at utils.Reporting.reportStep(Reporting.java:30)
at wrappers.GenericWrappers.takeSnap(GenericWrappers.java:535)
at utils.Reporting.reportStep(Reporting.java:30)
at wrappers.GenericWrappers.takeSnap(GenericWrappers.java:535)
at utils.Reporting.reportStep(Reporting.java:30)
at wrappers.GenericWrappers.takeSnap(GenericWrappers.java:535)
at utils.Reporting.reportStep(Reporting.java:30)
at wrappers.GenericWrappers.takeSnap(GenericWrappers.java:535)
at utils.Reporting.reportStep(Reporting.java:30)
at wrappers.GenericWrappers.takeSnap(GenericWrappers.java:535)
at utils.Reporting.reportStep(Reporting.java:30)
at wrappers.GenericWrappers.takeSnap(GenericWrappers.java:535)
at utils.Reporting.reportStep(Reporting.java:30)
at wrappers.GenericWrappers.takeSnap(GenericWrappers.java:535)
at utils.Reporting.reportStep(Reporting.java:30)
at wrappers.GenericWrappers.takeSnap(GenericWrappers.java:535)
at utils.Reporting.reportStep(Reporting.java:30)
at wrappers.GenericWrappers.takeSnap(GenericWrappers.java:535)
at utils.Reporting.reportStep(Reporting.java:30)
at wrappers.GenericWrappers.takeSnap(GenericWrappers.java:535)
at utils.Reporting.reportStep(Reporting.java:30)
at wrappers.GenericWrappers.takeSnap(GenericWrappers.java:535)
at utils.Reporting.reportStep(Reporting.java:30)
at wrappers.GenericWrappers.takeSnap(GenericWrappers.java:535)
at utils.Reporting.reportStep(Reporting.java:30)
at wrappers.GenericWrappers.takeSnap(GenericWrappers.java:535)
at utils.Reporting.reportStep(Reporting.java:30)
at wrappers.GenericWrappers.takeSnap(GenericWrappers.java:535)
at utils.Reporting.reportStep(Reporting.java:30)
at wrappers.GenericWrappers.takeSnap(GenericWrappers.java:535)
at utils.Reporting.reportStep(Reporting.java:30)
at wrappers.GenericWrappers.takeSnap(GenericWrappers.java:535)
at utils.Reporting.reportStep(Reporting.java:30)
at wrappers.GenericWrappers.takeSnap(GenericWrappers.java:535)
at utils.Reporting.reportStep(Reporting.java:30)
at wrappers.GenericWrappers.takeSnap(GenericWrappers.java:535)
at utils.Reporting.reportStep(Reporting.java:30)
at wrappers.GenericWrappers.takeSnap(GenericWrappers.java:535)
at utils.Reporting.reportStep(Reporting.java:30)
at wrappers.GenericWrappers.takeSnap(GenericWrappers.java:535)
at utils.Reporting.reportStep(Reporting.java:30)
at wrappers.GenericWrappers.takeSnap(GenericWrappers.java:535)
at utils.Reporting.reportStep(Reporting.java:30)
at wrappers.GenericWrappers.takeSnap(GenericWrappers.java:535)
at utils.Reporting.reportStep(Reporting.java:30)
at wrappers.GenericWrappers.takeSnap(GenericWrappers.java:535)
at utils.Reporting.reportStep(Reporting.java:30)
at wrappers.GenericWrappers.takeSnap(GenericWrappers.java:535)
at utils.Reporting.reportStep(Reporting.java:30)
at wrappers.GenericWrappers.takeSnap(GenericWrappers.java:535)
at utils.Reporting.reportStep(Reporting.java:30)
at wrappers.GenericWrappers.takeSnap(GenericWrappers.java:535)
at utils.Reporting.reportStep(Reporting.java:30)
at wrappers.GenericWrappers.takeSnap(GenericWrappers.java:535)
at utils.Reporting.reportStep(Reporting.java:30)
at wrappers.GenericWrappers.takeSnap(GenericWrappers.java:535)
at utils.Reporting.reportStep(Reporting.java:30)
at wrappers.GenericWrappers.takeSnap(GenericWrappers.java:535)
at utils.Reporting.reportStep(Reporting.java:30)
at wrappers.GenericWrappers.takeSnap(GenericWrappers.java:535)
at utils.Reporting.reportStep(Reporting.java:30)
at wrappers.GenericWrappers.takeSnap(GenericWrappers.java:535)
at utils.Reporting.reportStep(Reporting.java:30)
at wrappers.GenericWrappers.takeSnap(GenericWrappers.java:535)
at utils.Reporting.reportStep(Reporting.java:30)
at wrappers.GenericWrappers.takeSnap(GenericWrappers.java:535)
at utils.Reporting.reportStep(Reporting.java:30)
at wrappers.GenericWrappers.takeSnap(GenericWrappers.java:535)
at utils.Reporting.reportStep(Reporting.java:30)
at wrappers.GenericWrappers.takeSnap(GenericWrappers.java:535)
at utils.Reporting.reportStep(Reporting.java:30)
at wrappers.GenericWrappers.takeSnap(GenericWrappers.java:535)
at utils.Reporting.reportStep(Reporting.java:30)
at wrappers.GenericWrappers.takeSnap(GenericWrappers.java:535)
at utils.Reporting.reportStep(Reporting.java:30)
at wrappers.GenericWrappers.takeSnap(GenericWrappers.java:535)
at utils.Reporting.reportStep(Reporting.java:30)
at wrappers.GenericWrappers.takeSnap(GenericWrappers.java:535)
at utils.Reporting.reportStep(Reporting.java:30)
at wrappers.GenericWrappers.takeSnap(GenericWrappers.java:535)
at utils.Reporting.reportStep(Reporting.java:30)
at wrappers.GenericWrappers.takeSnap(GenericWrappers.java:535)
at utils.Reporting.reportStep(Reporting.java:30)
at wrappers.GenericWrappers.takeSnap(GenericWrappers.java:535)
at utils.Reporting.reportStep(Reporting.java:30)
at wrappers.GenericWrappers.takeSnap(GenericWrappers.java:535)
at utils.Reporting.reportStep(Reporting.java:30)
at wrappers.GenericWrappers.takeSnap(GenericWrappers.java:535)
at utils.Reporting.reportStep(Reporting.java:30)
at wrappers.GenericWrappers.takeSnap(GenericWrappers.java:535)
]]>
    </error>
  </testcase> <!-- IRCTCRegistration -->
  <system-out/>
</testsuite> <!-- testcases.IRCTCTestCase -->
