<?xml version="1.0" encoding="UTF-8"?>
<!-- Generated by org.testng.reporters.JUnitReportReporter -->
<testsuite hostname="Nupen" failures="0" tests="3" name="testcases.FBTestCase" time="87.252" errors="0" timestamp="2024-04-27T15:54:59 CDT" skipped="0">
  <testcase classname="testcases.FBTestCase" name="FBRegistration" time="28.312"/>
  <system-out/>
  <testcase classname="testcases.FBTestCase" name="FBRegistration" time="30.192"/>
  <system-out/>
  <testcase classname="testcases.FBTestCase" name="FBRegistration" time="28.748"/>
  <system-out/>
</testsuite> <!-- testcases.FBTestCase -->
