<?xml version="1.0" encoding="UTF-8"?>
<!-- Generated by org.testng.reporters.JUnitReportReporter -->
<testsuite hostname="Nupen" failures="0" tests="1" name="testcases.FBTestCase" time="30.806" errors="0" timestamp="2024-04-23T23:12:38 CDT" skipped="0">
  <testcase classname="testcases.FBTestCase" name="FBRegistration" time="30.806"/>
  <system-out/>
</testsuite> <!-- testcases.FBTestCase -->
