<?xml version="1.0" encoding="UTF-8"?>
<!-- Generated by org.testng.reporters.JUnitReportReporter -->
<testsuite hostname="Nupen" failures="0" tests="1" name="twittertestcase.TwitterTestCase" time="27.424" errors="0" timestamp="2024-04-24T00:08:39 CDT" skipped="0">
  <testcase classname="twittertestcase.TwitterTestCase" name="TwitterCreateNewUser" time="27.424"/>
  <system-out/>
</testsuite> <!-- twittertestcase.TwitterTestCase -->
